[    3912ms] [WARNING] DEV_INDEX_HTML_BUILD_MARKER_V1 {buildTag: build_2026_06_14_step6_3_7_tone_profiles_final_smoke, commit: step6_3_7_tone_profiles_final_smoke, href: https://samuray-games.github.io/AsyncScene/} @ https://samuray-games.github.io/AsyncScene/:14
[    3918ms] [WARNING] DEV_INDEX_HTML_PROOF_V1 build_2026_06_14_step6_3_7_tone_profiles_final_smoke step6_3_7_tone_profiles_final_smoke https://samuray-games.github.io/AsyncScene/ 1782013252414 @ https://samuray-games.github.io/AsyncScene/:19
[    4369ms] [LOG] [FLOW_AUDIT] statejs-executed count=1 @ https://samuray-games.github.io/AsyncScene/state.js?v=step8-9-z-profile-derivation-mapping-20260612a:15
[    4381ms] [LOG] ECON08_RESPECT_ENTRYPOINT_READY @ https://samuray-games.github.io/AsyncScene/state.js?v=step8-9-z-profile-derivation-mapping-20260612a:36
[    4381ms] [LOG] SMOKE_REGISTRY_STATUS {smokeName: smokeEconUi_RegressionPackOnce, hasSmoke: true, devFlag: false, smokeSurface: true} @ https://samuray-games.github.io/AsyncScene/state.js?v=step8-9-z-profile-derivation-mapping-20260612a:6678
[    4382ms] [LOG] SMOKE_REGISTRY_KEYS {count: 51, sample: Array(12)} @ https://samuray-games.github.io/AsyncScene/state.js?v=step8-9-z-profile-derivation-mapping-20260612a:6688
[    4386ms] [LOG] [FLOW_AUDIT] policy-instance-created id=policy_1 bootTime=1782013252881 @ https://samuray-games.github.io/AsyncScene/state.js?v=step8-9-z-profile-derivation-mapping-20260612a:6809
[    4386ms] [LOG] [FLOW_AUDIT] state-store-binding id=policy_1 source=createReactionPolicy:init sameRef=true stateRef=ref_1 gameSRef=ref_1 @ https://samuray-games.github.io/AsyncScene/state.js?v=step8-9-z-profile-derivation-mapping-20260612a:6794
[    4386ms] [LOG] [FLOW_AUDIT] policy-instance-mounted id=policy_1 @ https://samuray-games.github.io/AsyncScene/state.js?v=step8-9-z-profile-derivation-mapping-20260612a:8194
[    4386ms] [LOG] [FLOW_AUDIT] securitypolicy-assigned id=policy_1 sameRef=true @ https://samuray-games.github.io/AsyncScene/state.js?v=step8-9-z-profile-derivation-mapping-20260612a:8200
[    4386ms] [LOG] [FLOW_AUDIT] securitypolicy-export keys=__flowAuditId,emitRestoreEvents,getFlag,handleEvent,inspectFlag,isActionBlocked,restorePersistedFlags,versionInfo hasInspectFlag=true @ https://samuray-games.github.io/AsyncScene/state.js?v=step8-9-z-profile-derivation-mapping-20260612a:8170
[    4387ms] [LOG] [FLOW_AUDIT] policy-runtime-version source=state.js:ReactionPolicy/build_2026_03_09_flowaudit_v6 policyId=policy_1 version=state.js?v=6 @ https://samuray-games.github.io/AsyncScene/state.js?v=step8-9-z-profile-derivation-mapping-20260612a:8173
[    4387ms] [LOG] [FLOW_AUDIT] runtime-script-url state=https://samuray-games.github.io/AsyncScene/state.js?v=step8-9-z-profile-derivation-mapping-20260612a @ https://samuray-games.github.io/AsyncScene/state.js?v=step8-9-z-profile-derivation-mapping-20260612a:8155
[    4387ms] [LOG] [FLOW_AUDIT] policy-call id=policy_1 fn=restorePersistedFlags source=ReactionPolicy.restorePersistedFlags details=restoreInProgress=false @ https://samuray-games.github.io/AsyncScene/state.js?v=step8-9-z-profile-derivation-mapping-20260612a:6785
[    4387ms] [LOG] [FLOW_AUDIT] state-store-binding id=policy_1 source=ReactionPolicy.restorePersistedFlags:enter sameRef=true stateRef=ref_1 gameSRef=ref_1 @ https://samuray-games.github.io/AsyncScene/state.js?v=step8-9-z-profile-derivation-mapping-20260612a:6794
[    4387ms] [LOG] [SEC_RESTORE_SOURCE] {source: empty, format: none, count: 0, devMode: false, hasStorage: true} @ https://samuray-games.github.io/AsyncScene/state.js?v=step8-9-z-profile-derivation-mapping-20260612a:6818
[    4387ms] [LOG] [FLOW_AUDIT] securityflags-object-replaced source=ReactionPolicy.installSecurityFlagsHooks:init writeSeq=1 sameRef=false keys=0 @ https://samuray-games.github.io/AsyncScene/state.js?v=step8-9-z-profile-derivation-mapping-20260612a:6974
[    4389ms] [LOG] [FLOW_AUDIT] securityflags-object-replaced source=ReactionPolicy.restorePersistedFlags:empty_flags writeSeq=2 sameRef=false keys=0 @ https://samuray-games.github.io/AsyncScene/state.js?v=step8-9-z-profile-derivation-mapping-20260612a:6974
[    4390ms] [LOG] [FLOW_AUDIT] state-securityflags-write player=* level=reset authority=empty_flags caller=ReactionPolicy.restorePersistedFlags @ https://samuray-games.github.io/AsyncScene/state.js?v=step8-9-z-profile-derivation-mapping-20260612a:7029
[    4390ms] [LOG] [SEC_RESTORE_SKIP] {count: 0, source: empty, format: none} @ https://samuray-games.github.io/AsyncScene/state.js?v=step8-9-z-profile-derivation-mapping-20260612a:6818
[    4390ms] [LOG] [SEC_RESTORE_REASON] empty_flags @ https://samuray-games.github.io/AsyncScene/state.js?v=step8-9-z-profile-derivation-mapping-20260612a:6818
[    4390ms] [LOG] [FLOW_AUDIT] security-restore flags=0 source=empty valid=false @ https://samuray-games.github.io/AsyncScene/state.js?v=step8-9-z-profile-derivation-mapping-20260612a:6828
[    4390ms] [WARNING] [SEC_AUDIT] forbidden-access-source key=Game.State caller=at emitForbiddenAccess (https://samuray-games.github.io/AsyncScene/state.js?v=step8-9-z-profile-derivation-mapping-20260612a:1922:19) mode=prod @ https://samuray-games.github.io/AsyncScene/state.js?v=step8-9-z-profile-derivation-mapping-20260612a:1908
[    4390ms] [WARNING] [SEC_AUDIT] forbidden-access-source key=Game.StateAPI caller=at emitForbiddenAccess (https://samuray-games.github.io/AsyncScene/state.js?v=step8-9-z-profile-derivation-mapping-20260612a:1922:19) mode=prod @ https://samuray-games.github.io/AsyncScene/state.js?v=step8-9-z-profile-derivation-mapping-20260612a:1908
[    4390ms] [WARNING] [SEC_AUDIT] forbidden-access-source key=Game.State caller=at emitForbiddenAccess (https://samuray-games.github.io/AsyncScene/state.js?v=step8-9-z-profile-derivation-mapping-20260612a:1922:19) mode=prod @ https://samuray-games.github.io/AsyncScene/state.js?v=step8-9-z-profile-derivation-mapping-20260612a:1908
[    4390ms] [WARNING] [SEC_AUDIT] forbidden-access-source key=Game.StateAPI caller=at emitForbiddenAccess (https://samuray-games.github.io/AsyncScene/state.js?v=step8-9-z-profile-derivation-mapping-20260612a:1922:19) mode=prod @ https://samuray-games.github.io/AsyncScene/state.js?v=step8-9-z-profile-derivation-mapping-20260612a:1908
[    4390ms] [WARNING] [SEC_AUDIT] forbidden-access-source key=Game.State caller=at emitForbiddenAccess (https://samuray-games.github.io/AsyncScene/state.js?v=step8-9-z-profile-derivation-mapping-20260612a:1922:19) mode=prod @ https://samuray-games.github.io/AsyncScene/state.js?v=step8-9-z-profile-derivation-mapping-20260612a:1908
[    4390ms] [WARNING] [SEC_AUDIT] forbidden-access-source key=Game.StateAPI caller=at emitForbiddenAccess (https://samuray-games.github.io/AsyncScene/state.js?v=step8-9-z-profile-derivation-mapping-20260612a:1922:19) mode=prod @ https://samuray-games.github.io/AsyncScene/state.js?v=step8-9-z-profile-derivation-mapping-20260612a:1908
[    4390ms] [WARNING] [SEC_AUDIT] forbidden-access-source key=Game.State caller=at emitForbiddenAccess (https://samuray-games.github.io/AsyncScene/state.js?v=step8-9-z-profile-derivation-mapping-20260612a:1922:19) mode=prod @ https://samuray-games.github.io/AsyncScene/state.js?v=step8-9-z-profile-derivation-mapping-20260612a:1908
[    4390ms] [WARNING] [SEC_AUDIT] forbidden-access-source key=Game.StateAPI caller=at emitForbiddenAccess (https://samuray-games.github.io/AsyncScene/state.js?v=step8-9-z-profile-derivation-mapping-20260612a:1922:19) mode=prod @ https://samuray-games.github.io/AsyncScene/state.js?v=step8-9-z-profile-derivation-mapping-20260612a:1908
[    4390ms] [WARNING] [SEC_AUDIT] forbidden-access-source key=Game.State caller=at emitForbiddenAccess (https://samuray-games.github.io/AsyncScene/state.js?v=step8-9-z-profile-derivation-mapping-20260612a:1922:19) mode=prod @ https://samuray-games.github.io/AsyncScene/state.js?v=step8-9-z-profile-derivation-mapping-20260612a:1908
[    4390ms] [WARNING] [SEC_AUDIT] forbidden-access-source key=Game.StateAPI caller=at emitForbiddenAccess (https://samuray-games.github.io/AsyncScene/state.js?v=step8-9-z-profile-derivation-mapping-20260612a:1922:19) mode=prod @ https://samuray-games.github.io/AsyncScene/state.js?v=step8-9-z-profile-derivation-mapping-20260612a:1908
[    4391ms] [LOG] [FLOW_AUDIT] securitypolicy-export keys=__flowAuditId,emitRestoreEvents,getFlag,handleEvent,inspectFlag,isActionBlocked,restorePersistedFlags,versionInfo hasInspectFlag=true @ https://samuray-games.github.io/AsyncScene/state.js?v=step8-9-z-profile-derivation-mapping-20260612a:8170
[    4391ms] [LOG] [FLOW_AUDIT] policy-runtime-version source=state.js:ReactionPolicy/build_2026_03_09_flowaudit_v6 policyId=policy_1 version=state.js?v=6 @ https://samuray-games.github.io/AsyncScene/state.js?v=step8-9-z-profile-derivation-mapping-20260612a:8173
[    4391ms] [LOG] [FLOW_AUDIT] runtime-script-url state=https://samuray-games.github.io/AsyncScene/state.js?v=step8-9-z-profile-derivation-mapping-20260612a @ https://samuray-games.github.io/AsyncScene/state.js?v=step8-9-z-profile-derivation-mapping-20260612a:8155
[    4450ms] [WARNING] [SEC_AUDIT] forbidden-access-source key=Game.State caller=at emitForbiddenAccess (https://samuray-games.github.io/AsyncScene/state.js?v=step8-9-z-profile-derivation-mapping-20260612a:1922:19) mode=prod @ https://samuray-games.github.io/AsyncScene/state.js?v=step8-9-z-profile-derivation-mapping-20260612a:1908
[    4450ms] [LOG] [FLOW_AUDIT] post-finishBoot-security-event type=forbidden_api_access player=me reason=get @ https://samuray-games.github.io/AsyncScene/state.js?v=step8-9-z-profile-derivation-mapping-20260612a:1712
[    4454ms] [WARNING] [SEC_AUDIT] forbidden-access-source key=Game.StateAPI caller=at emitForbiddenAccess (https://samuray-games.github.io/AsyncScene/state.js?v=step8-9-z-profile-derivation-mapping-20260612a:1922:19) mode=prod @ https://samuray-games.github.io/AsyncScene/state.js?v=step8-9-z-profile-derivation-mapping-20260612a:1908
[    4454ms] [LOG] [FLOW_AUDIT] post-finishBoot-security-event type=forbidden_api_access player=me reason=get @ https://samuray-games.github.io/AsyncScene/state.js?v=step8-9-z-profile-derivation-mapping-20260612a:1712
[    4455ms] [WARNING] [SEC_AUDIT] forbidden-access-source key=Game.State caller=at emitForbiddenAccess (https://samuray-games.github.io/AsyncScene/state.js?v=step8-9-z-profile-derivation-mapping-20260612a:1922:19) mode=prod @ https://samuray-games.github.io/AsyncScene/state.js?v=step8-9-z-profile-derivation-mapping-20260612a:1908
[    4455ms] [WARNING] [SEC_AUDIT] forbidden-access-source key=Game.StateAPI caller=at emitForbiddenAccess (https://samuray-games.github.io/AsyncScene/state.js?v=step8-9-z-profile-derivation-mapping-20260612a:1922:19) mode=prod @ https://samuray-games.github.io/AsyncScene/state.js?v=step8-9-z-profile-derivation-mapping-20260612a:1908
[    4455ms] [WARNING] [SEC_AUDIT] forbidden-access-source key=Game.State caller=at emitForbiddenAccess (https://samuray-games.github.io/AsyncScene/state.js?v=step8-9-z-profile-derivation-mapping-20260612a:1922:19) mode=prod @ https://samuray-games.github.io/AsyncScene/state.js?v=step8-9-z-profile-derivation-mapping-20260612a:1908
[    4455ms] [WARNING] [SEC_AUDIT] forbidden-access-source key=Game.StateAPI caller=at emitForbiddenAccess (https://samuray-games.github.io/AsyncScene/state.js?v=step8-9-z-profile-derivation-mapping-20260612a:1922:19) mode=prod @ https://samuray-games.github.io/AsyncScene/state.js?v=step8-9-z-profile-derivation-mapping-20260612a:1908
[    4469ms] [WARNING] STEP4_ARG_CANON_MILLENNIAL_CONTRACT_SMOKE_EXPOSED_VIA_DATA_V1 function @ https://samuray-games.github.io/AsyncScene/data.js?v=step6_4_6_future_expansion_hook_20260614a:4443
[    4470ms] [WARNING] STEP4_ARG_CANON_MILLENNIAL_UI_SAFE_SMOKE_EXPOSED_VIA_DATA_V1 function @ https://samuray-games.github.io/AsyncScene/data.js?v=step6_4_6_future_expansion_hook_20260614a:4575
[    4470ms] [WARNING] STEP4_ARG_CANON_MILLENNIAL_STYLELEX_SMOKE_EXPOSED_VIA_DATA_V1 function @ https://samuray-games.github.io/AsyncScene/data.js?v=step6_4_6_future_expansion_hook_20260614a:4603
[    4470ms] [WARNING] STEP4_ARG_CANON_MILLENNIAL_TEMPLATES_SMOKE_EXPOSED_VIA_DATA_V1 function @ https://samuray-games.github.io/AsyncScene/data.js?v=step6_4_6_future_expansion_hook_20260614a:4626
[    4470ms] [WARNING] STEP4_ARG_CANON_MILLENNIAL_COVERAGE_SMOKE_EXPOSED_VIA_DATA_V1 function @ https://samuray-games.github.io/AsyncScene/data.js?v=step6_4_6_future_expansion_hook_20260614a:4648
[    4470ms] [WARNING] STEP4_ARG_CANON_MILLENNIAL_READABLE_SMOKE_EXPOSED_VIA_DATA_V1 function @ https://samuray-games.github.io/AsyncScene/data.js?v=step6_4_6_future_expansion_hook_20260614a:4671
[    4470ms] [WARNING] STEP4_ARG_CANON_MILLENNIAL_REGRESSION_SMOKE_EXPOSED_VIA_DATA_V1 function @ https://samuray-games.github.io/AsyncScene/data.js?v=step6_4_6_future_expansion_hook_20260614a:4694
[    4470ms] [WARNING] STEP4_ARG_CANON_MILLENNIAL_AGGREGATE_SMOKE_EXPOSED_VIA_DATA_V1 function @ https://samuray-games.github.io/AsyncScene/data.js?v=step6_4_6_future_expansion_hook_20260614a:4717
[    4471ms] [WARNING] ONBOARDING_SPEC_SMOKE_EXPOSED_VIA_DATA_V2 function @ https://samuray-games.github.io/AsyncScene/data.js?v=step6_4_6_future_expansion_hook_20260614a:5491
[    4471ms] [WARNING] ONBOARDING_SEEN_SMOKE_EXPOSED_VIA_DATA_V1 function @ https://samuray-games.github.io/AsyncScene/data.js?v=step6_4_6_future_expansion_hook_20260614a:5651
[    4471ms] [WARNING] ONBOARDING_REGRESSION_PACK_SMOKE_EXPOSED_VIA_DATA_V1 function @ https://samuray-games.github.io/AsyncScene/data.js?v=step6_4_6_future_expansion_hook_20260614a:5735
[    4475ms] [WARNING] STYLELEX_CONTRACT_V1_PASS {ok: true, path: Game.Data.styleLex, requiredKeys: Array(6), actualKeys: Array(8), address: ты} @ https://samuray-games.github.io/AsyncScene/data/style-lex.js?v=2:966
[    4480ms] [WARNING] [SEC_AUDIT] forbidden-access-source key=Game.State caller=at emitForbiddenAccess (https://samuray-games.github.io/AsyncScene/state.js?v=step8-9-z-profile-derivation-mapping-20260612a:1922:19) mode=prod @ https://samuray-games.github.io/AsyncScene/state.js?v=step8-9-z-profile-derivation-mapping-20260612a:1908
[    4480ms] [WARNING] [SEC_AUDIT] forbidden-access-source key=Game.StateAPI caller=at emitForbiddenAccess (https://samuray-games.github.io/AsyncScene/state.js?v=step8-9-z-profile-derivation-mapping-20260612a:1922:19) mode=prod @ https://samuray-games.github.io/AsyncScene/state.js?v=step8-9-z-profile-derivation-mapping-20260612a:1908
[    4480ms] [WARNING] CONFLICT_CORE_LOADED_OK_V1 {ts: 1782013252977, buildTag: null} @ https://samuray-games.github.io/AsyncScene/conflict/conflict-core.js?v=step7-3-systemcopy-routing-fix-20260606b:4211
[    4516ms] [WARNING] [SEC_AUDIT] forbidden-access-source key=Game.State caller=at emitForbiddenAccess (https://samuray-games.github.io/AsyncScene/state.js?v=step8-9-z-profile-derivation-mapping-20260612a:1922:19) mode=prod @ https://samuray-games.github.io/AsyncScene/state.js?v=step8-9-z-profile-derivation-mapping-20260612a:1908
[    4516ms] [WARNING] [SEC_AUDIT] forbidden-access-source key=Game.State caller=at emitForbiddenAccess (https://samuray-games.github.io/AsyncScene/state.js?v=step8-9-z-profile-derivation-mapping-20260612a:1922:19) mode=prod @ https://samuray-games.github.io/AsyncScene/state.js?v=step8-9-z-profile-derivation-mapping-20260612a:1908
[    4517ms] [WARNING] [SEC_AUDIT] forbidden-access-source key=Game.State caller=at emitForbiddenAccess (https://samuray-games.github.io/AsyncScene/state.js?v=step8-9-z-profile-derivation-mapping-20260612a:1922:19) mode=prod @ https://samuray-games.github.io/AsyncScene/state.js?v=step8-9-z-profile-derivation-mapping-20260612a:1908
[    4517ms] [WARNING] [SEC_AUDIT] forbidden-access-source key=Game.State caller=at emitForbiddenAccess (https://samuray-games.github.io/AsyncScene/state.js?v=step8-9-z-profile-derivation-mapping-20260612a:1922:19) mode=prod @ https://samuray-games.github.io/AsyncScene/state.js?v=step8-9-z-profile-derivation-mapping-20260612a:1908
[    4517ms] [WARNING] [SEC_AUDIT] forbidden-access-source key=Game.State caller=at emitForbiddenAccess (https://samuray-games.github.io/AsyncScene/state.js?v=step8-9-z-profile-derivation-mapping-20260612a:1922:19) mode=prod @ https://samuray-games.github.io/AsyncScene/state.js?v=step8-9-z-profile-derivation-mapping-20260612a:1908
[    4518ms] [WARNING] CONFLICT_ARGUMENTS_PARSE_OK_V1 {ts: 1782013253014, buildTag: null} @ https://samuray-games.github.io/AsyncScene/conflict/conflict-arguments.js?v=2:13
[    4519ms] [WARNING] ARGS_PARSE_OK_V2 {ts: 1782013253015, tag: ctx_dup_fix_1} @ https://samuray-games.github.io/AsyncScene/conflict/conflict-arguments.js?v=2:19
[    4519ms] [WARNING] [SEC_AUDIT] forbidden-access-source key=Game.State caller=at emitForbiddenAccess (https://samuray-games.github.io/AsyncScene/state.js?v=step8-9-z-profile-derivation-mapping-20260612a:1922:19) mode=prod @ https://samuray-games.github.io/AsyncScene/state.js?v=step8-9-z-profile-derivation-mapping-20260612a:1908
[    4519ms] [WARNING] [SEC_AUDIT] forbidden-access-source key=Game.StateAPI caller=at emitForbiddenAccess (https://samuray-games.github.io/AsyncScene/state.js?v=step8-9-z-profile-derivation-mapping-20260612a:1922:19) mode=prod @ https://samuray-games.github.io/AsyncScene/state.js?v=step8-9-z-profile-derivation-mapping-20260612a:1908
[    4519ms] [WARNING] [SEC_AUDIT] forbidden-access-source key=Game.State caller=at emitForbiddenAccess (https://samuray-games.github.io/AsyncScene/state.js?v=step8-9-z-profile-derivation-mapping-20260612a:1922:19) mode=prod @ https://samuray-games.github.io/AsyncScene/state.js?v=step8-9-z-profile-derivation-mapping-20260612a:1908
[    4519ms] [WARNING] [SEC_AUDIT] forbidden-access-source key=Game.StateAPI caller=at emitForbiddenAccess (https://samuray-games.github.io/AsyncScene/state.js?v=step8-9-z-profile-derivation-mapping-20260612a:1922:19) mode=prod @ https://samuray-games.github.io/AsyncScene/state.js?v=step8-9-z-profile-derivation-mapping-20260612a:1908
[    4519ms] [WARNING] CONFLICT_ARGUMENTS_LOADED_V1 {ts: 1782013253015, buildTag: null} @ https://samuray-games.github.io/AsyncScene/conflict/conflict-arguments.js?v=2:1103
[    4519ms] [WARNING] CONFLICT_ARGUMENTS_LOADED_OK_V1 {ts: 1782013253015, buildTag: null, hasDiversityV2: true} @ https://samuray-games.github.io/AsyncScene/conflict/conflict-arguments.js?v=2:1112
[    4519ms] [LOG] [AttackChoices] conflict-arguments loaded 1782013253015 @ https://samuray-games.github.io/AsyncScene/conflict/conflict-arguments.js?v=2:1120
[    4520ms] [WARNING] CONFLICT_API_LOADED_V1 {ts: 1782013253015, buildTag: build_2026_02_26_a} @ https://samuray-games.github.io/AsyncScene/conflict/conflict-api.js?v=2:26
[    4520ms] [LOG] [ConflictAPI] ready @ https://samuray-games.github.io/AsyncScene/conflict/conflict-api.js?v=2:1284
[    4748ms] [WARNING] UI_TOAST_TAPE_READY {hasGameUI: true, wrapped: true, ts: 1782013253243} @ https://samuray-games.github.io/AsyncScene/ui/ui-core.js?v=step7-4-systemcopy-bypass-fix-20260606b:50
[    4749ms] [WARNING] UI_DM_V1_LOADED {ts: 1782013253245} @ https://samuray-games.github.io/AsyncScene/ui/ui-dm.js?v=step7-7-ui-runtime-expectation-fix-20260611c:10
[    4750ms] [WARNING] UI_RESPECT_HOOKS_READY {ts: 1782013253246, hasClick: true, hasVisible: true} @ https://samuray-games.github.io/AsyncScene/ui/ui-dm.js?v=step7-7-ui-runtime-expectation-fix-20260611c:91
[    4764ms] [WARNING] CONSOLE_PANEL_V1_READY @ https://samuray-games.github.io/AsyncScene/ui/ui-console-panel.js?v=2:410
[    4840ms] [WARNING] DEV_CHECKS_SERVED_PROOF_V3 served_probe_2026_02_08_1 @ https://samuray-games.github.io/AsyncScene/dev/dev-checks.js?v=step4_3_5_alpha_new_features_20260620a:2
[    4840ms] [WARNING] DEV_CHECKS_SERVED_PROOF_V3_URL https://samuray-games.github.io/AsyncScene/ @ https://samuray-games.github.io/AsyncScene/dev/dev-checks.js?v=step4_3_5_alpha_new_features_20260620a:3
[    4865ms] [WARNING] DEV_CHECKS_BUILD_MARKER_V1 {buildTag: build_2026_06_19_step3_4_system_texts_v1, commit: step3_4_system_texts_v1, url: https://samuray-games.github.io/AsyncScene/dev/dev…hecks.js?v=step4_3_5_alpha_new_features_20260620a} @ https://samuray-games.github.io/AsyncScene/dev/dev-checks.js?v=step4_3_5_alpha_new_features_20260620a:29
[    4865ms] [WARNING] DEV_OBJ_INIT_V1 {ts: 1782013253362, keys: Array(213)} @ https://samuray-games.github.io/AsyncScene/dev/dev-checks.js?v=step4_3_5_alpha_new_features_20260620a:34
[    4889ms] [ERROR] [GLOBAL_ONERROR] file=https://samuray-games.github.io/AsyncScene/dev/dev-checks.js?v=step4_3_5_alpha_new_features_20260620a line=20128 col=53 message=Uncaught ReferenceError: smokeLexicalFrameStep35NpcSpeechFix1 is not defined ReferenceError: smokeLexicalFrameStep35NpcSpeechFix1 is not defined
    at installZoomerNpcSpeechInventorySmoke (https://samuray-games.github.io/AsyncScene/dev/dev-checks.js?v=step4_3_5_alpha_new_features_20260620a:20128:53)
    at https://samuray-games.github.io/AsyncScene/dev/dev-checks.js?v=step4_3_5_alpha_new_features_20260620a:20133:3
    at https://samuray-games.github.io/AsyncScene/dev/dev-checks.js?v=step4_3_5_alpha_new_features_20260620a:50651:3 @ https://samuray-games.github.io/AsyncScene/ui/ui-boot.js?v=step6_4_6_future_expansion_hook_20260614a:55
[    4889ms] [ERROR] [GLOBAL_ERROR] file=https://samuray-games.github.io/AsyncScene/dev/dev-checks.js?v=step4_3_5_alpha_new_features_20260620a line=20128 col=53 message=Uncaught ReferenceError: smokeLexicalFrameStep35NpcSpeechFix1 is not defined ReferenceError: smokeLexicalFrameStep35NpcSpeechFix1 is not defined
    at installZoomerNpcSpeechInventorySmoke (https://samuray-games.github.io/AsyncScene/dev/dev-checks.js?v=step4_3_5_alpha_new_features_20260620a:20128:53)
    at https://samuray-games.github.io/AsyncScene/dev/dev-checks.js?v=step4_3_5_alpha_new_features_20260620a:20133:3
    at https://samuray-games.github.io/AsyncScene/dev/dev-checks.js?v=step4_3_5_alpha_new_features_20260620a:50651:3 @ https://samuray-games.github.io/AsyncScene/ui/ui-boot.js?v=step6_4_6_future_expansion_hook_20260614a:65
[    5327ms] ReferenceError: smokeLexicalFrameStep35NpcSpeechFix1 is not defined
    at installZoomerNpcSpeechInventorySmoke (https://samuray-games.github.io/AsyncScene/dev/dev-checks.js?v=step4_3_5_alpha_new_features_20260620a:20128:53)
    at https://samuray-games.github.io/AsyncScene/dev/dev-checks.js?v=step4_3_5_alpha_new_features_20260620a:20133:3
    at https://samuray-games.github.io/AsyncScene/dev/dev-checks.js?v=step4_3_5_alpha_new_features_20260620a:50651:3
[    5700ms] [ERROR] Failed to load resource: the server responded with a status of 404 () @ https://samuray-games.github.io/favicon.ico:0
